Arguments: 
  C:\Program Files\nodejs\node.exe C:\Users\salah\AppData\Roaming\npm\node_modules\yarn\bin\yarn.js add express mongoose cors

PATH: 
  C:\Program Files (x86)\Common Files\Intel\Shared Libraries\redist\intel64\compiler;C:\WINDOWS\system32;C:\WINDOWS;C:\WINDOWS\System32\Wbem;C:\WINDOWS\System32\WindowsPowerShell\v1.0\;C:\WINDOWS\System32\OpenSSH\;C:\Program Files\nodejs\;C:\Program Files\Git\cmd;C:\Users\salah\scoop\shims;C:\Users\salah\AppData\Local\Microsoft\WindowsApps;C:\Users\salah\AppData\Roaming\npm;C:\Users\salah\AppData\Local\Programs\Microsoft VS Code\bin;C:\Users\salah\AppData\Local\Programs\mongosh\

Yarn version: 
  1.22.11

Node version: 
  14.17.6

Platform: 
  win32 x64

Trace: 
  Error: getaddrinfo ENOTFOUND registry.yarnpkg.com
      at GetAddrInfoReqWrap.onlookup [as oncomplete] (dns.js:69:26)

npm manifest: 
  {
    "name": "server",
    "version": "1.0.0",
    "main": "index.js",
    "license": "MIT"
  }

yarn manifest: 
  No manifest

Lockfile: 
  No lockfile
